<?xml version="1.0" encoding="UTF-8"?>
<!-- Generated by org.testng.reporters.JUnitReportReporter -->
<testsuite hostname="Himanya" failures="0" tests="1" name="Demo.Secondcommit" time="0.006" errors="0" timestamp="2023-04-12T15:34:13 IST" skipped="0">
  <testcase classname="Demo.Secondcommit" name="scommit" time="0.006"/>
  <system-out/>
</testsuite> <!-- Demo.Secondcommit -->
