<?xml version="1.0" encoding="UTF-8"?>
<!-- Generated by org.testng.reporters.JUnitReportReporter -->
<testsuite hostname="Himanya" failures="0" tests="1" name="practice.sample" time="0.008" errors="0" timestamp="2023-04-12T14:21:09 IST" skipped="0">
  <testcase classname="practice.sample" name="demo" time="0.008"/>
  <system-out/>
</testsuite> <!-- practice.sample -->
